<?xml version="1.0" encoding="UTF-8" ?>
<testsuite errors="0" failures="0" hostname="DESKTOP-F4EIQJB" name="test.nz.ac.massey.cs.sdc.taxcalculator.IncomeTaxCalculatorTests" skipped="0" tests="9" time="0.045" timestamp="2018-09-28T09:03:11">
  <properties>
[...]
</properties>
  <testcase classname="test.nz.ac.massey.cs.sdc.taxcalculator.IncomeTaxCalculatorTests" name="testLargeIncome" time="0.008" />
  <testcase classname="test.nz.ac.massey.cs.sdc.taxcalculator.IncomeTaxCalculatorTests" name="test1" time="0.0" />
  <testcase classname="test.nz.ac.massey.cs.sdc.taxcalculator.IncomeTaxCalculatorTests" name="test2" time="0.0" />
  <testcase classname="test.nz.ac.massey.cs.sdc.taxcalculator.IncomeTaxCalculatorTests" name="testZero" time="0.0" />
  <testcase classname="test.nz.ac.massey.cs.sdc.taxcalculator.IncomeTaxCalculatorTests" name="testSmallIncome" time="0.001" />
  <testcase classname="test.nz.ac.massey.cs.sdc.taxcalculator.IncomeTaxCalculatorTests" name="testNegativeIncome2" time="0.0" />
  <testcase classname="test.nz.ac.massey.cs.sdc.taxcalculator.IncomeTaxCalculatorTests" name="test2InclPerformance" time="0.002" />
  <testcase classname="test.nz.ac.massey.cs.sdc.taxcalculator.IncomeTaxCalculatorTests" name="testNegativeIncome1" time="0.0" />
  <testcase classname="test.nz.ac.massey.cs.sdc.taxcalculator.IncomeTaxCalculatorTests" name="test1InclPerformance" time="0.0" />
  <system-out><![CDATA[]]></system-out>
  <system-err><![CDATA[]]></system-err>
</testsuite>
